PREHOOK: query: DESCRIBE FUNCTION minute
PREHOOK: type: DESCFUNCTION
POSTHOOK: query: DESCRIBE FUNCTION minute
POSTHOOK: type: DESCFUNCTION
minute(date) - Returns the minute of date
PREHOOK: query: DESCRIBE FUNCTION EXTENDED minute
PREHOOK: type: DESCFUNCTION
POSTHOOK: query: DESCRIBE FUNCTION EXTENDED minute
POSTHOOK: type: DESCFUNCTION
minute(date) - Returns the minute of date
date is a string in the format of 'yyyy-MM-dd HH:mm:ss' or 'HH:mm:ss'.
Example:
   > SELECT minute('2009-07-30 12:58:59') FROM src LIMIT 1;
  58
  > SELECT minute('12:58:59') FROM src LIMIT 1;
  58
PREHOOK: query: EXPLAIN
SELECT minute('2009-08-07 13:14:15'), minute('13:14:15'), minute('2009-08-07')
FROM src WHERE key = 86
PREHOOK: type: QUERY
POSTHOOK: query: EXPLAIN
SELECT minute('2009-08-07 13:14:15'), minute('13:14:15'), minute('2009-08-07')
FROM src WHERE key = 86
POSTHOOK: type: QUERY
STAGE DEPENDENCIES:
  Stage-1 is a root stage
  Stage-0 depends on stages: Stage-1

STAGE PLANS:
  Stage: Stage-1
    Map Reduce
      Map Operator Tree:
          TableScan
            alias: src
            Statistics: Num rows: 500 Data size: 5312 Basic stats: COMPLETE Column stats: NONE
            Filter Operator
              predicate: (UDFToDouble(key) = 86.0) (type: boolean)
              Statistics: Num rows: 250 Data size: 2656 Basic stats: COMPLETE Column stats: NONE
              Select Operator
                expressions: 14 (type: int), 14 (type: int), null (type: void)
                outputColumnNames: _col0, _col1, _col2
                Statistics: Num rows: 250 Data size: 2656 Basic stats: COMPLETE Column stats: NONE
                File Output Operator
                  compressed: false
                  Statistics: Num rows: 250 Data size: 2656 Basic stats: COMPLETE Column stats: NONE
                  table:
                      input format: org.apache.hadoop.mapred.TextInputFormat
                      output format: org.apache.hadoop.hive.ql.io.HiveIgnoreKeyTextOutputFormat
                      serde: org.apache.hadoop.hive.serde2.lazy.LazySimpleSerDe

  Stage: Stage-0
    Fetch Operator
      limit: -1
      Processor Tree:
        ListSink

PREHOOK: query: SELECT minute('2009-08-07 13:14:15'), minute('13:14:15'), minute('2009-08-07')
FROM src WHERE key = 86
PREHOOK: type: QUERY
PREHOOK: Input: default@src
#### A masked pattern was here ####
POSTHOOK: query: SELECT minute('2009-08-07 13:14:15'), minute('13:14:15'), minute('2009-08-07')
FROM src WHERE key = 86
POSTHOOK: type: QUERY
POSTHOOK: Input: default@src
#### A masked pattern was here ####
14	14	NULL
